[debug] [2022-09-09T23:00:56.486Z] ----------------------------------------------------------------------
[debug] [2022-09-09T23:00:56.488Z] Command:       C:\Program Files\nodejs\node.exe C:\Users\Kareem Elewa\AppData\Roaming\npm\node_modules\firebase-tools\lib\bin\firebase.js init hosting
[debug] [2022-09-09T23:00:56.488Z] CLI Version:   11.8.0
[debug] [2022-09-09T23:00:56.488Z] Platform:      win32
[debug] [2022-09-09T23:00:56.488Z] Node Version:  v16.14.0
[debug] [2022-09-09T23:00:56.489Z] Time:          Sat Sep 10 2022 01:00:56 GMT+0200 (Eastern European Standard Time)
[debug] [2022-09-09T23:00:56.489Z] ----------------------------------------------------------------------
[debug] 
[debug] [2022-09-09T23:00:56.492Z] >>> [apiv2][query] GET https://firebase-public.firebaseio.com/cli.json [none]
[debug] [2022-09-09T23:00:56.557Z] > command requires scopes: ["email","openid","https://www.googleapis.com/auth/cloudplatformprojects.readonly","https://www.googleapis.com/auth/firebase","https://www.googleapis.com/auth/cloud-platform"]
[debug] [2022-09-09T23:00:56.558Z] > authorizing via signed-in user (kareem.elew@gmail.com)
[info] 
     ######## #### ########  ######## ########     ###     ######  ########
     ##        ##  ##     ## ##       ##     ##  ##   ##  ##       ##
     ######    ##  ########  ######   ########  #########  ######  ######
     ##        ##  ##    ##  ##       ##     ## ##     ##       ## ##
     ##       #### ##     ## ######## ########  ##     ##  ######  ########

You're about to initialize a Firebase project in this directory:

  D:\Projects\Coding\Projects\Portfolio\kareems-portfolio

Before we get started, keep in mind:

  * You are initializing within an existing Firebase project directory

[debug] [2022-09-09T23:00:57.024Z] <<< [apiv2][status] GET https://firebase-public.firebaseio.com/cli.json 200
[debug] [2022-09-09T23:00:57.024Z] <<< [apiv2][body] GET https://firebase-public.firebaseio.com/cli.json {"cloudBuildErrorAfter":1594252800000,"cloudBuildWarnAfter":1590019200000,"defaultNode10After":1594252800000,"minVersion":"3.0.5","node8DeploysDisabledAfter":1613390400000,"node8RuntimeDisabledAfter":1615809600000,"node8WarnAfter":1600128000000}
[info] 
=== Project Setup
[info] 
[info] First, let's associate this project directory with a Firebase project.
[info] You can create multiple project aliases by running firebase use --add, 
[info] but for now we'll just set up a default project.
[info] 
[debug] [2022-09-09T23:01:01.999Z] Using project from CLI flag: kareem-elewa
[debug] [2022-09-09T23:01:02.000Z] > refreshing access token with scopes: []
[debug] [2022-09-09T23:01:02.001Z] >>> [apiv2][query] POST https://www.googleapis.com/oauth2/v3/token [none]
[debug] [2022-09-09T23:01:02.001Z] >>> [apiv2][body] POST https://www.googleapis.com/oauth2/v3/token [omitted]
[debug] [2022-09-09T23:01:02.377Z] <<< [apiv2][status] POST https://www.googleapis.com/oauth2/v3/token 200
[debug] [2022-09-09T23:01:02.378Z] <<< [apiv2][body] POST https://www.googleapis.com/oauth2/v3/token [omitted]
[debug] [2022-09-09T23:01:02.388Z] >>> [apiv2][query] GET https://firebase.googleapis.com/v1beta1/projects/kareem-elewa [none]
[debug] [2022-09-09T23:01:02.799Z] <<< [apiv2][status] GET https://firebase.googleapis.com/v1beta1/projects/kareem-elewa 200
[debug] [2022-09-09T23:01:02.799Z] <<< [apiv2][body] GET https://firebase.googleapis.com/v1beta1/projects/kareem-elewa {"projectId":"kareem-elewa","projectNumber":"1006729036799","displayName":"kareem elewa","name":"projects/kareem-elewa","resources":{"hostingSite":"kareem-elewa"},"state":"ACTIVE","etag":"1_0af30bfa-02a0-46b2-9fbc-e9bd72a64201"}
[info] i  Using project kareem-elewa (kareem elewa) 
[info] 
=== Hosting Setup
[info] 
[info] Your public directory is the folder (relative to your project directory) that
[info] will contain Hosting assets to be uploaded with firebase deploy. If you
[info] have a build process for your assets, use your build's output directory.
[info] 
